[01m[K/home/uk-ras-mrc/Rosie2.0/src/iiwa_stack/rosie2_test/src/service.cpp:11:1:[m[K [01;31m[Kerror: [m[Kexpected initializer before â€˜[01m[Kbool[m[Kâ€™
 [01;31m[Kbool[m[K plan_motion_service(rosie2_test::PlanSrv::Request  &req, rosie2_test::PlanSrv::Response &res)
 [01;31m[K^~~~[m[K
[01m[K/home/uk-ras-mrc/Rosie2.0/src/iiwa_stack/rosie2_test/src/service.cpp:[m[K In function â€˜[01m[Kint main(int, char**)[m[Kâ€™:
[01m[K/home/uk-ras-mrc/Rosie2.0/src/iiwa_stack/rosie2_test/src/service.cpp:61:69:[m[K [01;31m[Kerror: [m[Kâ€˜[01m[Kplan_motion_service[m[Kâ€™ was not declared in this scope
     ros::ServiceServer service = n.advertiseService("planService", &[01;31m[Kplan_motion_service[m[K);
                                                                     [01;31m[K^~~~~~~~~~~~~~~~~~~[m[K
make[2]: *** [CMakeFiles/rosie2_test_srv_node.dir/src/service.cpp.o] Error 1
make[1]: *** [CMakeFiles/rosie2_test_srv_node.dir/all] Error 2
make: *** [all] Error 2
