CMakeFiles/rosie2_test_srv_node.dir/src/service.cpp.o: In function `planna(rosie2_test::PlanSrvRequest_<std::allocator<void> >&, rosie2_test::PlanSrvResponse_<std::allocator<void> >&)':
service.cpp:(.text+0x139): undefined reference to `moveit::planning_interface::MoveGroupInterface::MoveGroupInterface(std::__cxx11::basic_string<char, std::char_traits<char>, std::allocator<char> > const&, std::shared_ptr<tf2_ros::Buffer> const&, ros::WallDuration const&)'
service.cpp:(.text+0x1bf): undefined reference to `moveit::planning_interface::PlanningSceneInterface::PlanningSceneInterface(std::__cxx11::basic_string<char, std::char_traits<char>, std::allocator<char> > const&, bool)'
service.cpp:(.text+0x20c): undefined reference to `moveit::planning_interface::MoveGroupInterface::getCurrentState(double)'
service.cpp:(.text+0x312): undefined reference to `moveit::planning_interface::PlanningSceneInterface::~PlanningSceneInterface()'
service.cpp:(.text+0x321): undefined reference to `moveit::planning_interface::MoveGroupInterface::~MoveGroupInterface()'
service.cpp:(.text+0x40f): undefined reference to `moveit::planning_interface::PlanningSceneInterface::~PlanningSceneInterface()'
service.cpp:(.text+0x41e): undefined reference to `moveit::planning_interface::MoveGroupInterface::~MoveGroupInterface()'
CMakeFiles/rosie2_test_srv_node.dir/src/service.cpp.o: In function `main':
service.cpp:(.text+0x4b0): undefined reference to `ros::init(int&, char**, std::__cxx11::basic_string<char, std::char_traits<char>, std::allocator<char> > const&, unsigned int)'
service.cpp:(.text+0x542): undefined reference to `ros::NodeHandle::NodeHandle(std::__cxx11::basic_string<char, std::char_traits<char>, std::allocator<char> > const&, std::map<std::__cxx11::basic_string<char, std::char_traits<char>, std::allocator<char> >, std::__cxx11::basic_string<char, std::char_traits<char>, std::allocator<char> >, std::less<std::__cxx11::basic_string<char, std::char_traits<char>, std::allocator<char> > >, std::allocator<std::pair<std::__cxx11::basic_string<char, std::char_traits<char>, std::allocator<char> > const, std::__cxx11::basic_string<char, std::char_traits<char>, std::allocator<char> > > > > const&)'
service.cpp:(.text+0x574): undefined reference to `ros::AsyncSpinner::AsyncSpinner(unsigned int)'
service.cpp:(.text+0x583): undefined reference to `ros::AsyncSpinner::start()'
service.cpp:(.text+0x653): undefined reference to `moveit::planning_interface::MoveGroupInterface::MoveGroupInterface(std::__cxx11::basic_string<char, std::char_traits<char>, std::allocator<char> > const&, std::shared_ptr<tf2_ros::Buffer> const&, ros::WallDuration const&)'
service.cpp:(.text+0x6bb): undefined reference to `moveit::planning_interface::PlanningSceneInterface::PlanningSceneInterface(std::__cxx11::basic_string<char, std::char_traits<char>, std::allocator<char> > const&, bool)'
service.cpp:(.text+0x708): undefined reference to `moveit::planning_interface::MoveGroupInterface::getCurrentState(double)'
service.cpp:(.text+0x845): undefined reference to `moveit::planning_interface::PlanningSceneInterface::~PlanningSceneInterface()'
service.cpp:(.text+0x854): undefined reference to `moveit::planning_interface::MoveGroupInterface::~MoveGroupInterface()'
service.cpp:(.text+0x87c): undefined reference to `ros::NodeHandle::~NodeHandle()'
CMakeFiles/rosie2_test_srv_node.dir/src/service.cpp.o: In function `__static_initialization_and_destruction_0(int, int)':
service.cpp:(.text+0x8ee): undefined reference to `boost::system::generic_category()'
service.cpp:(.text+0x8fa): undefined reference to `boost::system::generic_category()'
service.cpp:(.text+0x906): undefined reference to `boost::system::system_category()'
service.cpp:(.text+0xdc3): undefined reference to `ros::Publisher::~Publisher()'
CMakeFiles/rosie2_test_srv_node.dir/src/service.cpp.o: In function `moveit::core::RobotState::getJointModelGroup(std::__cxx11::basic_string<char, std::char_traits<char>, std::allocator<char> > const&) const':
service.cpp:(.text._ZNK6moveit4core10RobotState18getJointModelGroupERKNSt7__cxx1112basic_stringIcSt11char_traitsIcESaIcEEE[_ZNK6moveit4core10RobotState18getJointModelGroupERKNSt7__cxx1112basic_stringIcSt11char_traitsIcESaIcEEE]+0x2a): undefined reference to `moveit::core::RobotModel::getJointModelGroup(std::__cxx11::basic_string<char, std::char_traits<char>, std::allocator<char> > const&) const'
CMakeFiles/rosie2_test_srv_node.dir/src/service.cpp.o: In function `boost::system::error_category::std_category::equivalent(int, std::error_condition const&) const':
service.cpp:(.text._ZNK5boost6system14error_category12std_category10equivalentEiRKSt15error_condition[_ZNK5boost6system14error_category12std_category10equivalentEiRKSt15error_condition]+0xb8): undefined reference to `boost::system::generic_category()'
service.cpp:(.text._ZNK5boost6system14error_category12std_category10equivalentEiRKSt15error_condition[_ZNK5boost6system14error_category12std_category10equivalentEiRKSt15error_condition]+0xf3): undefined reference to `boost::system::generic_category()'
CMakeFiles/rosie2_test_srv_node.dir/src/service.cpp.o: In function `boost::system::error_category::std_category::equivalent(std::error_code const&, int) const':
service.cpp:(.text._ZNK5boost6system14error_category12std_category10equivalentERKSt10error_codei[_ZNK5boost6system14error_category12std_category10equivalentERKSt10error_codei]+0xb8): undefined reference to `boost::system::generic_category()'
service.cpp:(.text._ZNK5boost6system14error_category12std_category10equivalentERKSt10error_codei[_ZNK5boost6system14error_category12std_category10equivalentERKSt10error_codei]+0xf3): undefined reference to `boost::system::generic_category()'
service.cpp:(.text._ZNK5boost6system14error_category12std_category10equivalentERKSt10error_codei[_ZNK5boost6system14error_category12std_category10equivalentERKSt10error_codei]+0x1d2): undefined reference to `boost::system::generic_category()'
collect2: error: ld returned 1 exit status
make[2]: *** [/home/uk-ras-mrc/Rosie2.0/devel/.private/rosie2_test/lib/rosie2_test/rosie2_test_srv_node] Error 1
make[1]: *** [CMakeFiles/rosie2_test_srv_node.dir/all] Error 2
make: *** [all] Error 2
