[01m[K/home/uk-ras-mrc/Rosie2.0/src/iiwa_stack/rosie2_test/src/readState.cpp:[m[K In function â€˜[01m[Kint main(int, char**)[m[Kâ€™:
[01m[K/home/uk-ras-mrc/Rosie2.0/src/iiwa_stack/rosie2_test/src/readState.cpp:143:70:[m[K [01;31m[Kerror: [m[Kâ€˜[01m[KAddTwoInts[m[Kâ€™ is not a member of â€˜[01m[Krosie2_test[m[Kâ€™
   ros::ServiceClient client = node_handle.serviceClient<rosie2_test::[01;31m[KAddTwoInts[m[K>("add_two_ints");
                                                                      [01;31m[K^~~~~~~~~~[m[K
[01m[K/home/uk-ras-mrc/Rosie2.0/src/iiwa_stack/rosie2_test/src/readState.cpp:143:70:[m[K [01;31m[Kerror: [m[Kâ€˜[01m[KAddTwoInts[m[Kâ€™ is not a member of â€˜[01m[Krosie2_test[m[Kâ€™
[01m[K/home/uk-ras-mrc/Rosie2.0/src/iiwa_stack/rosie2_test/src/readState.cpp:143:96:[m[K [01;31m[Kerror: [m[Kno matching function for call to â€˜[01m[Kros::NodeHandle::serviceClient<<expression error> >(const char [13])[m[Kâ€™
   ros::ServiceClient client = node_handle.serviceClient<rosie2_test::AddTwoInts>("add_two_ints"[01;31m[K)[m[K;
                                                                                                [01;31m[K^[m[K
In file included from [01m[K/opt/ros/melodic/include/ros/ros.h:45:0[m[K,
                 from [01m[K/home/uk-ras-mrc/Rosie2.0/src/iiwa_stack/rosie2_test/src/readState.cpp:1[m[K:
[01m[K/opt/ros/melodic/include/ros/node_handle.h:1240:17:[m[K [01;36m[Knote: [m[Kcandidate: template<class MReq, class MRes> ros::ServiceClient ros::NodeHandle::serviceClient(const string&, bool, const M_string&)
   ServiceClient [01;36m[KserviceClient[m[K(const std::string& service_name, bool persistent = false,
                 [01;36m[K^~~~~~~~~~~~~[m[K
[01m[K/opt/ros/melodic/include/ros/node_handle.h:1240:17:[m[K [01;36m[Knote: [m[K  template argument deduction/substitution failed:
[01m[K/home/uk-ras-mrc/Rosie2.0/src/iiwa_stack/rosie2_test/src/readState.cpp:143:96:[m[K [01;31m[Kerror: [m[Ktemplate argument 1 is invalid
   ros::ServiceClient client = node_handle.serviceClient<rosie2_test::AddTwoInts>("add_two_ints"[01;31m[K)[m[K;
                                                                                                [01;31m[K^[m[K
In file included from [01m[K/opt/ros/melodic/include/ros/ros.h:45:0[m[K,
                 from [01m[K/home/uk-ras-mrc/Rosie2.0/src/iiwa_stack/rosie2_test/src/readState.cpp:1[m[K:
[01m[K/opt/ros/melodic/include/ros/node_handle.h:1260:17:[m[K [01;36m[Knote: [m[Kcandidate: template<class Service> ros::ServiceClient ros::NodeHandle::serviceClient(const string&, bool, const M_string&)
   ServiceClient [01;36m[KserviceClient[m[K(const std::string& service_name, bool persistent = false,
                 [01;36m[K^~~~~~~~~~~~~[m[K
[01m[K/opt/ros/melodic/include/ros/node_handle.h:1260:17:[m[K [01;36m[Knote: [m[K  template argument deduction/substitution failed:
[01m[K/home/uk-ras-mrc/Rosie2.0/src/iiwa_stack/rosie2_test/src/readState.cpp:143:96:[m[K [01;31m[Kerror: [m[Ktemplate argument 1 is invalid
   ros::ServiceClient client = node_handle.serviceClient<rosie2_test::AddTwoInts>("add_two_ints"[01;31m[K)[m[K;
                                                                                                [01;31m[K^[m[K
In file included from [01m[K/opt/ros/melodic/include/ros/ros.h:40:0[m[K,
                 from [01m[K/home/uk-ras-mrc/Rosie2.0/src/iiwa_stack/rosie2_test/src/readState.cpp:1[m[K:
[01m[K/home/uk-ras-mrc/Rosie2.0/src/iiwa_stack/rosie2_test/src/readState.cpp:150:49:[m[K [01;31m[Kerror: [m[Kâ€˜[01m[Krosie2_test::PlanSrv::Response {aka struct rosie2_test::PlanSrvResponse_<std::allocator<void> >}[m[Kâ€™ has no member named â€˜[01m[Ksum[m[Kâ€™
     ROS_INFO("Sum: %ld", (long int)srv.response.[01;31m[Ks[m[Kum);
                                                 [01;31m[K^[m[K
[01m[K/opt/ros/melodic/include/ros/console.h:348:165:[m[K [01;36m[Knote: [m[Kin definition of macro â€˜[01m[KROSCONSOLE_PRINT_AT_LOCATION_WITH_FILTER[m[Kâ€™
     ::ros::console::print(filter, __rosconsole_define_location__loc.logger_, __rosconsole_define_location__loc.level_, __FILE__, __LINE__, __ROSCONSOLE_FUNCTION__, [01;36m[K__VA_ARGS__[m[K)
                                                                                                                                                                     [01;36m[K^~~~~~~~~~~[m[K
[01m[K/opt/ros/melodic/include/ros/console.h:387:7:[m[K [01;36m[Knote: [m[Kin expansion of macro â€˜[01m[KROSCONSOLE_PRINT_AT_LOCATION[m[Kâ€™
       [01;36m[KROSCONSOLE_PRINT_AT_LOCATION[m[K(__VA_ARGS__); \
       [01;36m[K^~~~~~~~~~~~~~~~~~~~~~~~~~~~[m[K
[01m[K/opt/ros/melodic/include/ros/console.h:572:35:[m[K [01;36m[Knote: [m[Kin expansion of macro â€˜[01m[KROS_LOG_COND[m[Kâ€™
 #define ROS_LOG(level, name, ...) [01;36m[KROS_LOG_COND[m[K(true, level, name, __VA_ARGS__)
                                   [01;36m[K^~~~~~~~~~~~[m[K
[01m[K/opt/ros/melodic/include/rosconsole/macros_generated.h:110:23:[m[K [01;36m[Knote: [m[Kin expansion of macro â€˜[01m[KROS_LOG[m[Kâ€™
 #define ROS_INFO(...) [01;36m[KROS_LOG[m[K(::ros::console::levels::Info, ROSCONSOLE_DEFAULT_NAME, __VA_ARGS__)
                       [01;36m[K^~~~~~~[m[K
[01m[K/home/uk-ras-mrc/Rosie2.0/src/iiwa_stack/rosie2_test/src/readState.cpp:150:5:[m[K [01;36m[Knote: [m[Kin expansion of macro â€˜[01m[KROS_INFO[m[Kâ€™
     [01;36m[KR[m[KOS_INFO("Sum: %ld", (long int)srv.response.sum);
     [01;36m[K^[m[K
make[2]: *** [CMakeFiles/rosie2_test_node.dir/src/readState.cpp.o] Error 1
make[1]: *** [CMakeFiles/rosie2_test_node.dir/all] Error 2
make: *** [all] Error 2
