[01m[K/home/uk-ras-mrc/Rosie2.0/src/iiwa_stack/rosie2_test/src/service.cpp:33:14:[m[K [01;35m[Kwarning: [m[Kmissing terminating " character
     ROS_INFO([01;35m[K"[m[K****************************\n
              [01;35m[K^[m[K
[01m[K/home/uk-ras-mrc/Rosie2.0/src/iiwa_stack/rosie2_test/src/service.cpp:35:46:[m[K [01;35m[Kwarning: [m[Kmissing terminating " character
             *****************************\n, [01;35m[K"[m[K req.pose_goal.poses.size());
                                              [01;35m[K^[m[K
[01m[K/home/uk-ras-mrc/Rosie2.0/src/iiwa_stack/rosie2_test/src/service.cpp:90:0:[m[K [01;31m[Kerror: [m[Kunterminated argument list invoking macro "ROS_INFO"
 }
 
[01m[K/home/uk-ras-mrc/Rosie2.0/src/iiwa_stack/rosie2_test/src/service.cpp:[m[K In function â€˜[01m[Kbool plan_motion_service(rosie2_test::PlanSrv::Request&, rosie2_test::PlanSrv::Response&)[m[Kâ€™:
[01m[K/home/uk-ras-mrc/Rosie2.0/src/iiwa_stack/rosie2_test/src/service.cpp:33:5:[m[K [01;31m[Kerror: [m[Kâ€˜[01m[KROS_INFO[m[Kâ€™ was not declared in this scope
     [01;31m[KROS_INFO[m[K("****************************\n
     [01;31m[K^~~~~~~~[m[K
[01m[K/home/uk-ras-mrc/Rosie2.0/src/iiwa_stack/rosie2_test/src/service.cpp:33:5:[m[K [01;31m[Kerror: [m[Kexpected â€˜[01m[K}[m[Kâ€™ at end of input
make[2]: *** [CMakeFiles/rosie2_test_srv_node.dir/src/service.cpp.o] Error 1
make[1]: *** [CMakeFiles/rosie2_test_srv_node.dir/all] Error 2
make: *** [all] Error 2
