[01m[K/home/uk-ras-mrc/Rosie2.0/src/iiwa_stack/rosie2_test/src/service.cpp:[m[K In function â€˜[01m[Kint main(int, char**)[m[Kâ€™:
[01m[K/home/uk-ras-mrc/Rosie2.0/src/iiwa_stack/rosie2_test/src/service.cpp:74:5:[m[K [01;31m[Kerror: [m[Kâ€˜[01m[Ktraj_feedback[m[Kâ€™ was not declared in this scope
     [01;31m[Ktraj_feedback[m[K = n.advertise<std_msgs::String>("trajectory_feedback", 1000);
     [01;31m[K^~~~~~~~~~~~~[m[K
make[2]: *** [CMakeFiles/rosie2_test_srv_node.dir/src/service.cpp.o] Error 1
make[1]: *** [CMakeFiles/rosie2_test_srv_node.dir/all] Error 2
make: *** [all] Error 2
