[01m[K/home/uk-ras-mrc/Rosie2.0/src/iiwa_stack/rosie2_test/src/readState.cpp:[m[K In function â€˜[01m[Kint main(int, char**)[m[Kâ€™:
[01m[K/home/uk-ras-mrc/Rosie2.0/src/iiwa_stack/rosie2_test/src/readState.cpp:117:3:[m[K [01;31m[Kerror: [m[Kâ€˜[01m[Krosie2_test[m[Kâ€™ has not been declared
   [01;31m[Krosie2_test[m[K::PlanSrv srv;
   [01;31m[K^~~~~~~~~~~[m[K
make[2]: *** [CMakeFiles/rosie2_test_node.dir/src/readState.cpp.o] Error 1
make[1]: *** [CMakeFiles/rosie2_test_node.dir/all] Error 2
make: *** [all] Error 2
