[01m[K/home/uk-ras-mrc/Rosie2.0/src/iiwa_stack/rosie2_test/src/readState.cpp:[m[K In function â€˜[01m[Kvoid excecute_trajectory(moveit::planning_interface::MoveGroupInterface&, moveit::planning_interface::MoveGroupInterface::Plan&)[m[Kâ€™:
[01m[K/home/uk-ras-mrc/Rosie2.0/src/iiwa_stack/rosie2_test/src/readState.cpp:43:17:[m[K [01;31m[Kerror: [m[Kâ€˜[01m[Kclass ros::Publisher[m[Kâ€™ has no member named â€˜[01m[Kpub[m[Kâ€™
   traj_feedback.[01;31m[Kpub[m[K(feedback_str);
                 [01;31m[K^~~[m[K
make[2]: *** [CMakeFiles/rosie2_test_node.dir/src/readState.cpp.o] Error 1
make[1]: *** [CMakeFiles/rosie2_test_node.dir/all] Error 2
make: *** [all] Error 2
