[01m[K/home/uk-ras-mrc/Rosie2.0/src/iiwa_stack/rosie2_test/src/readState.cpp:[m[K In function â€˜[01m[Kvoid excecute_trajectory(moveit::planning_interface::MoveGroupInterface&, moveit::planning_interface::MoveGroupInterface::Plan&)[m[Kâ€™:
[01m[K/home/uk-ras-mrc/Rosie2.0/src/iiwa_stack/rosie2_test/src/readState.cpp:42:3:[m[K [01;31m[Kerror: [m[Kâ€˜[01m[Ktraj_feedback[m[Kâ€™ was not declared in this scope
   [01;31m[Ktraj_feedback[m[K.pub(feedback_str);
   [01;31m[K^~~~~~~~~~~~~[m[K
make[2]: *** [CMakeFiles/rosie2_test_node.dir/src/readState.cpp.o] Error 1
make[1]: *** [CMakeFiles/rosie2_test_node.dir/all] Error 2
make: *** [all] Error 2
