[01m[K/home/uk-ras-mrc/Rosie2.0/src/iiwa_stack/rosie2_test/src/readState.cpp:[m[K In function â€˜[01m[Kbool plan(rosie2_test::PlanSrv::Request&)[m[Kâ€™:
[01m[K/home/uk-ras-mrc/Rosie2.0/src/iiwa_stack/rosie2_test/src/readState.cpp:61:61:[m[K [01;31m[Kerror: [m[Kâ€˜[01m[KPLANNING_GROUP[m[Kâ€™ was not declared in this scope
   moveit::planning_interface::MoveGroupInterface move_group([01;31m[KPLANNING_GROUP[m[K);
                                                             [01;31m[K^~~~~~~~~~~~~~[m[K
[01m[K/home/uk-ras-mrc/Rosie2.0/src/iiwa_stack/rosie2_test/src/readState.cpp:61:61:[m[K [01;36m[Knote: [m[Ksuggested alternative: â€˜[01m[KCLONE_NEWCGROUP[m[Kâ€™
   moveit::planning_interface::MoveGroupInterface move_group([01;36m[KPLANNING_GROUP[m[K);
                                                             [01;36m[K^~~~~~~~~~~~~~[m[K
                                                             [32m[KCLONE_NEWCGROUP[m[K
make[2]: *** [CMakeFiles/rosie2_test_node.dir/src/readState.cpp.o] Error 1
make[1]: *** [CMakeFiles/rosie2_test_node.dir/all] Error 2
make: *** [all] Error 2
