[01m[K/home/uk-ras-mrc/Rosie2.0/src/iiwa_stack/rosie2_test/src/readState.cpp:[m[K In function â€˜[01m[Kbool plan(rosie2_test::PlanSrv::Request&)[m[Kâ€™:
[01m[K/home/uk-ras-mrc/Rosie2.0/src/iiwa_stack/rosie2_test/src/readState.cpp:26:61:[m[K [01;31m[Kerror: [m[Kâ€˜[01m[KPLANNING_GROUP[m[Kâ€™ was not declared in this scope
   moveit::planning_interface::MoveGroupInterface move_group([01;31m[KPLANNING_GROUP[m[K);
                                                             [01;31m[K^~~~~~~~~~~~~~[m[K
[01m[K/home/uk-ras-mrc/Rosie2.0/src/iiwa_stack/rosie2_test/src/readState.cpp:26:61:[m[K [01;36m[Knote: [m[Ksuggested alternative: â€˜[01m[KCLONE_NEWCGROUP[m[Kâ€™
   moveit::planning_interface::MoveGroupInterface move_group([01;36m[KPLANNING_GROUP[m[K);
                                                             [01;36m[K^~~~~~~~~~~~~~[m[K
                                                             [32m[KCLONE_NEWCGROUP[m[K
[01m[K/home/uk-ras-mrc/Rosie2.0/src/iiwa_stack/rosie2_test/src/readState.cpp:34:28:[m[K [01;31m[Kerror: [m[Kno matching function for call to â€˜[01m[Kstd::vector<geometry_msgs::Pose_<std::allocator<void> > >::push_back(rosie2_test::PlanSrv::Request&)[m[Kâ€™
   pose_goals.push_back(goal[01;31m[K)[m[K;
                            [01;31m[K^[m[K
In file included from [01m[K/usr/include/c++/7/vector:64:0[m[K,
                 from [01m[K/usr/include/boost/math/special_functions/math_fwd.hpp:26[m[K,
                 from [01m[K/usr/include/boost/math/special_functions/round.hpp:15[m[K,
                 from [01m[K/opt/ros/melodic/include/ros/time.h:58[m[K,
                 from [01m[K/opt/ros/melodic/include/ros/ros.h:38[m[K,
                 from [01m[K/home/uk-ras-mrc/Rosie2.0/src/iiwa_stack/rosie2_test/src/readState.cpp:1[m[K:
[01m[K/usr/include/c++/7/bits/stl_vector.h:939:7:[m[K [01;36m[Knote: [m[Kcandidate: void std::vector<_Tp, _Alloc>::push_back(const value_type&) [with _Tp = geometry_msgs::Pose_<std::allocator<void> >; _Alloc = std::allocator<geometry_msgs::Pose_<std::allocator<void> > >; std::vector<_Tp, _Alloc>::value_type = geometry_msgs::Pose_<std::allocator<void> >]
       [01;36m[Kpush_back[m[K(const value_type& __x)
       [01;36m[K^~~~~~~~~[m[K
[01m[K/usr/include/c++/7/bits/stl_vector.h:939:7:[m[K [01;36m[Knote: [m[K  no known conversion for argument 1 from â€˜[01m[Krosie2_test::PlanSrv::Request {aka rosie2_test::PlanSrvRequest_<std::allocator<void> >}[m[Kâ€™ to â€˜[01m[Kconst value_type& {aka const geometry_msgs::Pose_<std::allocator<void> >&}[m[Kâ€™
[01m[K/usr/include/c++/7/bits/stl_vector.h:953:7:[m[K [01;36m[Knote: [m[Kcandidate: void std::vector<_Tp, _Alloc>::push_back(std::vector<_Tp, _Alloc>::value_type&&) [with _Tp = geometry_msgs::Pose_<std::allocator<void> >; _Alloc = std::allocator<geometry_msgs::Pose_<std::allocator<void> > >; std::vector<_Tp, _Alloc>::value_type = geometry_msgs::Pose_<std::allocator<void> >]
       [01;36m[Kpush_back[m[K(value_type&& __x)
       [01;36m[K^~~~~~~~~[m[K
[01m[K/usr/include/c++/7/bits/stl_vector.h:953:7:[m[K [01;36m[Knote: [m[K  no known conversion for argument 1 from â€˜[01m[Krosie2_test::PlanSrv::Request {aka rosie2_test::PlanSrvRequest_<std::allocator<void> >}[m[Kâ€™ to â€˜[01m[Kstd::vector<geometry_msgs::Pose_<std::allocator<void> > >::value_type&& {aka geometry_msgs::Pose_<std::allocator<void> >&&}[m[Kâ€™
[01m[K/home/uk-ras-mrc/Rosie2.0/src/iiwa_stack/rosie2_test/src/readState.cpp:36:3:[m[K [01;31m[Kerror: [m[Kâ€˜[01m[Kexcecute_trajectory[m[Kâ€™ was not declared in this scope
   [01;31m[Kexcecute_trajectory[m[K(move_group, my_plan);
   [01;31m[K^~~~~~~~~~~~~~~~~~~[m[K
make[2]: *** [CMakeFiles/rosie2_test_node.dir/src/readState.cpp.o] Error 1
make[1]: *** [CMakeFiles/rosie2_test_node.dir/all] Error 2
make: *** [all] Error 2
