[01m[K/home/uk-ras-mrc/Rosie2.0/src/iiwa_stack/rosie2_test/src/readState.cpp:8:10:[m[K [01;31m[Kfatal error: [m[Krosie2_test/PlanSrv.h: No such file or directory
 #include [01;31m[K<rosie2_test/PlanSrv.h>[m[K
          [01;31m[K^~~~~~~~~~~~~~~~~~~~~~~[m[K
compilation terminated.
make[2]: *** [CMakeFiles/rosie2_test_node.dir/src/readState.cpp.o] Error 1
make[1]: *** [CMakeFiles/rosie2_test_node.dir/all] Error 2
make: *** [all] Error 2
