[01m[K/home/uk-ras-mrc/Rosie2.0/src/iiwa_stack/rosie2_test/src/service.cpp:6:10:[m[K [01;31m[Kerror: [m[Kexpected constructor, destructor, or type conversion before â€˜[01m[K([m[Kâ€™ token
 ros::init[01;31m[K([m[Kargc, argv, "plan_motion_node");
          [01;31m[K^[m[K
[01m[K/home/uk-ras-mrc/Rosie2.0/src/iiwa_stack/rosie2_test/src/service.cpp:9:5:[m[K [01;31m[Kerror: [m[Kâ€˜[01m[Kduration[m[Kâ€™ does not name a type
     [01;31m[Kduration[m[K.sleep();
     [01;31m[K^~~~~~~~[m[K
make[2]: *** [CMakeFiles/rosie2_test_srv_node.dir/src/service.cpp.o] Error 1
make[1]: *** [CMakeFiles/rosie2_test_srv_node.dir/all] Error 2
make: *** [all] Error 2
